# JRE version: OpenJDK Runtime Environment Microsoft-8035246 (17.0.8+7) (build 17.0.8+7-LTS)
# Java VM: OpenJDK 64-Bit Server VM Microsoft-8035246 (17.0.8+7-LTS, mixed mode, sharing, tiered, compressed oops, compressed class ptrs, g1 gc, windows-amd64)
GC Precious Log:
 CPUs: 4 total, 4 available
 Memory: 8095M
 Large Page Support: Disabled
 NUMA Support: Disabled
 Compressed Oops: Enabled (32-bit)
 Heap Region Size: 1M
 Heap Min Capacity: 8M
 Heap Initial Capacity: 128M
 Heap Max Capacity: 2G
 Pre-touch: Disabled
 Parallel Workers: 4
 Concurrent Workers: 1
 Concurrent Refinement Workers: 4
 Periodic GC: Disabled
Heap:
 garbage-first heap   total 224256K, used 131862K [0x0000000080000000, 0x0000000100000000)
  region size 1024K, 6 young (6144K), 3 survivors (3072K)
 Metaspace       used 96650K, committed 97664K, reserved 557056K
  class space    used 13567K, committed 14016K, reserved 425984K
GC Heap History (20 events):
Event: 61.931 GC heap before
{Heap before GC invocations=36 (full 0):
 garbage-first heap   total 186368K, used 143022K [0x0000000080000000, 0x0000000100000000)
  region size 1024K, 46 young (47104K), 5 survivors (5120K)
 Metaspace       used 80425K, committed 81280K, reserved 557056K
  class space    used 11157K, committed 11584K, reserved 425984K
}
Event: 61.939 GC heap after
{Heap after GC invocations=37 (full 0):
 garbage-first heap   total 186368K, used 103547K [0x0000000080000000, 0x0000000100000000)
  region size 1024K, 3 young (3072K), 3 survivors (3072K)
 Metaspace       used 80425K, committed 81280K, reserved 557056K
  class space    used 11157K, committed 11584K, reserved 425984K
}
Event: 62.118 GC heap before
{Heap before GC invocations=37 (full 0):
 garbage-first heap   total 186368K, used 109691K [0x0000000080000000, 0x0000000100000000)
  region size 1024K, 9 young (9216K), 3 survivors (3072K)
 Metaspace       used 80763K, committed 81664K, reserved 557056K
  class space    used 11222K, committed 11648K, reserved 425984K
}
Event: 62.125 GC heap after
{Heap after GC invocations=38 (full 0):
 garbage-first heap   total 186368K, used 103098K [0x0000000080000000, 0x0000000100000000)
  region size 1024K, 1 young (1024K), 1 survivors (1024K)
 Metaspace       used 80763K, committed 81664K, reserved 557056K
  class space    used 11222K, committed 11648K, reserved 425984K
}
Event: 62.999 GC heap before
{Heap before GC invocations=38 (full 0):
 garbage-first heap   total 186368K, used 153274K [0x0000000080000000, 0x0000000100000000)
  region size 1024K, 50 young (51200K), 1 survivors (1024K)
 Metaspace       used 83945K, committed 84864K, reserved 557056K
  class space    used 11674K, committed 12096K, reserved 425984K
}
Event: 63.004 GC heap after
{Heap after GC invocations=39 (full 0):
 garbage-first heap   total 186368K, used 105154K [0x0000000080000000, 0x0000000100000000)
  region size 1024K, 3 young (3072K), 3 survivors (3072K)
 Metaspace       used 83945K, committed 84864K, reserved 557056K
  class space    used 11674K, committed 12096K, reserved 425984K
}
Event: 64.099 GC heap before
{Heap before GC invocations=39 (full 0):
 garbage-first heap   total 186368K, used 154306K [0x0000000080000000, 0x0000000100000000)
  region size 1024K, 51 young (52224K), 3 survivors (3072K)
 Metaspace       used 84163K, committed 85056K, reserved 557056K
  class space    used 11696K, committed 12096K, reserved 425984K
}
Event: 64.108 GC heap after
{Heap after GC invocations=40 (full 0):
 garbage-first heap   total 186368K, used 108881K [0x0000000080000000, 0x0000000100000000)
  region size 1024K, 6 young (6144K), 6 survivors (6144K)
 Metaspace       used 84163K, committed 85056K, reserved 557056K
  class space    used 11696K, committed 12096K, reserved 425984K
}
Event: 65.234 GC heap before
{Heap before GC invocations=40 (full 0):
 garbage-first heap   total 186368K, used 154961K [0x0000000080000000, 0x0000000100000000)
  region size 1024K, 51 young (52224K), 6 survivors (6144K)
 Metaspace       used 86773K, committed 87744K, reserved 557056K
  class space    used 12051K, committed 12480K, reserved 425984K
}
Event: 65.247 GC heap after
{Heap after GC invocations=41 (full 0):
 garbage-first heap   total 186368K, used 110586K [0x0000000080000000, 0x0000000100000000)
  region size 1024K, 2 young (2048K), 2 survivors (2048K)
 Metaspace       used 86773K, committed 87744K, reserved 557056K
  class space    used 12051K, committed 12480K, reserved 425984K
}
Event: 66.296 GC heap before
{Heap before GC invocations=41 (full 0):
 garbage-first heap   total 186368K, used 156666K [0x0000000080000000, 0x0000000100000000)
  region size 1024K, 47 young (48128K), 2 survivors (2048K)
 Metaspace       used 89725K, committed 90624K, reserved 557056K
  class space    used 12646K, committed 13056K, reserved 425984K
}
Event: 66.301 GC heap after
{Heap after GC invocations=42 (full 0):
 garbage-first heap   total 186368K, used 111796K [0x0000000080000000, 0x0000000100000000)
  region size 1024K, 3 young (3072K), 3 survivors (3072K)
 Metaspace       used 89725K, committed 90624K, reserved 557056K
  class space    used 12646K, committed 13056K, reserved 425984K
}
Event: 67.289 GC heap before
{Heap before GC invocations=42 (full 0):
 garbage-first heap   total 186368K, used 157876K [0x0000000080000000, 0x0000000100000000)
  region size 1024K, 48 young (49152K), 3 survivors (3072K)
 Metaspace       used 92513K, committed 93440K, reserved 557056K
  class space    used 13031K, committed 13440K, reserved 425984K
}
Event: 67.299 GC heap after
{Heap after GC invocations=43 (full 0):
 garbage-first heap   total 186368K, used 114449K [0x0000000080000000, 0x0000000100000000)
  region size 1024K, 6 young (6144K), 6 survivors (6144K)
 Metaspace       used 92513K, committed 93440K, reserved 557056K
  class space    used 13031K, committed 13440K, reserved 425984K
}
Event: 68.121 GC heap before
{Heap before GC invocations=43 (full 0):
 garbage-first heap   total 186368K, used 157457K [0x0000000080000000, 0x0000000100000000)
  region size 1024K, 48 young (49152K), 6 survivors (6144K)
 Metaspace       used 93786K, committed 94784K, reserved 557056K
  class space    used 13191K, committed 13632K, reserved 425984K
}
Event: 68.140 GC heap after
{Heap after GC invocations=44 (full 0):
 garbage-first heap   total 186368K, used 118087K [0x0000000080000000, 0x0000000100000000)
  region size 1024K, 6 young (6144K), 6 survivors (6144K)
 Metaspace       used 93786K, committed 94784K, reserved 557056K
  class space    used 13191K, committed 13632K, reserved 425984K
}
Event: 69.720 GC heap before
{Heap before GC invocations=44 (full 0):
 garbage-first heap   total 186368K, used 156999K [0x0000000080000000, 0x0000000100000000)
  region size 1024K, 44 young (45056K), 6 survivors (6144K)
 Metaspace       used 96579K, committed 97600K, reserved 557056K
  class space    used 13567K, committed 14016K, reserved 425984K
}
Event: 69.744 GC heap after
{Heap after GC invocations=45 (full 0):
 garbage-first heap   total 186368K, used 125155K [0x0000000080000000, 0x0000000100000000)
  region size 1024K, 6 young (6144K), 6 survivors (6144K)
 Metaspace       used 96579K, committed 97600K, reserved 557056K
  class space    used 13567K, committed 14016K, reserved 425984K
}
Event: 70.318 GC heap before
{Heap before GC invocations=45 (full 0):
 garbage-first heap   total 186368K, used 154851K [0x0000000080000000, 0x0000000100000000)
  region size 1024K, 36 young (36864K), 6 survivors (6144K)
 Metaspace       used 96650K, committed 97664K, reserved 557056K
  class space    used 13567K, committed 14016K, reserved 425984K
}
Event: 70.332 GC heap after
{Heap after GC invocations=46 (full 0):
 garbage-first heap   total 186368K, used 128604K [0x0000000080000000, 0x0000000100000000)
  region size 1024K, 4 young (4096K), 4 survivors (4096K)
 Metaspace       used 96650K, committed 97664K, reserved 557056K
  class space    used 13567K, committed 14016K, reserved 425984K
}

